{
  "stats": {
    "suites": 1,
    "tests": 2,
    "passes": 2,
    "pending": 0,
    "failures": 0,
    "start": "2022-03-28T11:03:37.592Z",
    "end": "2022-03-28T11:03:51.252Z",
    "duration": 13660,
    "testsRegistered": 2,
    "passPercent": 100,
    "pendingPercent": 0,
    "other": 0,
    "hasOther": false,
    "skipped": 0,
    "hasSkipped": false
  },
  "results": [
    {
      "uuid": "dc0ed8e7-b203-4edc-8d98-6bb6853e4c64",
      "title": "",
      "fullFile": "cypress/integration/BDD/app.feature",
      "file": "cypress/integration/BDD/app.feature",
      "beforeHooks": [],
      "afterHooks": [],
      "tests": [],
      "suites": [
        {
          "uuid": "9e357732-b9af-4ad2-81f4-9a1bb891bdb3",
          "title": "End-to-end test which checks the registration flow for a new and valid user (start on initial page of the app and end on Dashboard",
          "fullFile": "",
          "file": "",
          "beforeHooks": [],
          "afterHooks": [],
          "tests": [
            {
              "title": "Valid user registeration",
              "fullTitle": "End-to-end test which checks the registration flow for a new and valid user (start on initial page of the app and end on Dashboard Valid user registeration",
              "timedOut": null,
              "duration": 3603,
              "state": "passed",
              "speed": "fast",
              "pass": true,
              "fail": false,
              "pending": false,
              "context": null,
              "code": "const state = window.testState;\nreturn cy\n  .then(() => state.onStartScenario(scenario, indexedSteps))\n  .then(() =>\n    resolveAndRunBeforeHooks.call(this, scenario.tags, state.feature.name)\n  )\n  .then(() =>\n    indexedSteps.forEach((step) =>\n      stepTest.call(this, state, step, rowData)\n    )\n  )\n  .then(() => state.onFinishScenario(scenario));",
              "err": {},
              "uuid": "718383e7-99b0-47c8-82bd-6058b2a420bd",
              "parentUUID": "9e357732-b9af-4ad2-81f4-9a1bb891bdb3",
              "isHook": false,
              "skipped": false
            },
            {
              "title": "Checks the flow for adding a book to the personal reading list",
              "fullTitle": "End-to-end test which checks the registration flow for a new and valid user (start on initial page of the app and end on Dashboard Checks the flow for adding a book to the personal reading list",
              "timedOut": null,
              "duration": 8030,
              "state": "passed",
              "speed": "medium",
              "pass": true,
              "fail": false,
              "pending": false,
              "context": null,
              "code": "const state = window.testState;\nreturn cy\n  .then(() => state.onStartScenario(scenario, indexedSteps))\n  .then(() =>\n    resolveAndRunBeforeHooks.call(this, scenario.tags, state.feature.name)\n  )\n  .then(() =>\n    indexedSteps.forEach((step) =>\n      stepTest.call(this, state, step, rowData)\n    )\n  )\n  .then(() => state.onFinishScenario(scenario));",
              "err": {},
              "uuid": "95c1cbfe-8897-4aea-8964-b1b72954c2cb",
              "parentUUID": "9e357732-b9af-4ad2-81f4-9a1bb891bdb3",
              "isHook": false,
              "skipped": false
            }
          ],
          "suites": [],
          "passes": [
            "718383e7-99b0-47c8-82bd-6058b2a420bd",
            "95c1cbfe-8897-4aea-8964-b1b72954c2cb"
          ],
          "failures": [],
          "pending": [],
          "skipped": [],
          "duration": 11633,
          "root": false,
          "rootEmpty": false,
          "_timeout": 2000
        }
      ],
      "passes": [],
      "failures": [],
      "pending": [],
      "skipped": [],
      "duration": 0,
      "root": true,
      "rootEmpty": true,
      "_timeout": 2000
    }
  ],
  "meta": {
    "mocha": {
      "version": "7.0.1"
    },
    "mochawesome": {
      "options": {
        "quiet": false,
        "reportFilename": "mochawesome",
        "saveHtml": true,
        "saveJson": true,
        "consoleReporter": "spec",
        "useInlineDiffs": false,
        "code": true
      },
      "version": "7.1.3"
    },
    "marge": {
      "options": null,
      "version": "6.2.0"
    }
  }
}