{
  "stats": {
    "suites": 1,
    "tests": 3,
    "passes": 3,
    "pending": 0,
    "failures": 0,
    "start": "2022-03-29T13:27:59.740Z",
    "end": "2022-03-29T13:28:17.135Z",
    "duration": 17395,
    "testsRegistered": 3,
    "passPercent": 100,
    "pendingPercent": 0,
    "other": 0,
    "hasOther": false,
    "skipped": 0,
    "hasSkipped": false
  },
  "results": [
    {
      "uuid": "442989b3-e896-46ed-a654-7890541d4d3e",
      "title": "",
      "fullFile": "cypress/integration/BDD/app.feature",
      "file": "cypress/integration/BDD/app.feature",
      "beforeHooks": [],
      "afterHooks": [],
      "tests": [],
      "suites": [
        {
          "uuid": "851554f6-2964-40e5-b4c6-8451429f6123",
          "title": "End-to-end test",
          "fullFile": "",
          "file": "",
          "beforeHooks": [],
          "afterHooks": [],
          "tests": [
            {
              "title": "Valid user registeration",
              "fullTitle": "End-to-end test Valid user registeration",
              "timedOut": null,
              "duration": 3915,
              "state": "passed",
              "speed": "fast",
              "pass": true,
              "fail": false,
              "pending": false,
              "context": null,
              "code": "const state = window.testState;\nreturn cy\n  .then(() => state.onStartScenario(scenario, indexedSteps))\n  .then(() =>\n    resolveAndRunBeforeHooks.call(this, scenario.tags, state.feature.name)\n  )\n  .then(() =>\n    indexedSteps.forEach((step) =>\n      stepTest.call(this, state, step, rowData)\n    )\n  )\n  .then(() => state.onFinishScenario(scenario));",
              "err": {},
              "uuid": "9ee56dbd-77c5-4b8b-bcfe-75ccd0811af6",
              "parentUUID": "851554f6-2964-40e5-b4c6-8451429f6123",
              "isHook": false,
              "skipped": false
            },
            {
              "title": "User can't register with an already existing username",
              "fullTitle": "End-to-end test User can't register with an already existing username",
              "timedOut": null,
              "duration": 3368,
              "state": "passed",
              "speed": "fast",
              "pass": true,
              "fail": false,
              "pending": false,
              "context": null,
              "code": "const state = window.testState;\nreturn cy\n  .then(() => state.onStartScenario(scenario, indexedSteps))\n  .then(() =>\n    resolveAndRunBeforeHooks.call(this, scenario.tags, state.feature.name)\n  )\n  .then(() =>\n    indexedSteps.forEach((step) =>\n      stepTest.call(this, state, step, rowData)\n    )\n  )\n  .then(() => state.onFinishScenario(scenario));",
              "err": {},
              "uuid": "135b7d60-1f96-435d-aab5-b1be2bac86ca",
              "parentUUID": "851554f6-2964-40e5-b4c6-8451429f6123",
              "isHook": false,
              "skipped": false
            },
            {
              "title": "Checks the flow for adding a book to the personal reading list and verifies that it's working correctly",
              "fullTitle": "End-to-end test Checks the flow for adding a book to the personal reading list and verifies that it's working correctly",
              "timedOut": null,
              "duration": 7275,
              "state": "passed",
              "speed": "medium",
              "pass": true,
              "fail": false,
              "pending": false,
              "context": null,
              "code": "const state = window.testState;\nreturn cy\n  .then(() => state.onStartScenario(scenario, indexedSteps))\n  .then(() =>\n    resolveAndRunBeforeHooks.call(this, scenario.tags, state.feature.name)\n  )\n  .then(() =>\n    indexedSteps.forEach((step) =>\n      stepTest.call(this, state, step, rowData)\n    )\n  )\n  .then(() => state.onFinishScenario(scenario));",
              "err": {},
              "uuid": "d06e198c-2efc-4256-8124-04127c6be561",
              "parentUUID": "851554f6-2964-40e5-b4c6-8451429f6123",
              "isHook": false,
              "skipped": false
            }
          ],
          "suites": [],
          "passes": [
            "9ee56dbd-77c5-4b8b-bcfe-75ccd0811af6",
            "135b7d60-1f96-435d-aab5-b1be2bac86ca",
            "d06e198c-2efc-4256-8124-04127c6be561"
          ],
          "failures": [],
          "pending": [],
          "skipped": [],
          "duration": 14558,
          "root": false,
          "rootEmpty": false,
          "_timeout": 2000
        }
      ],
      "passes": [],
      "failures": [],
      "pending": [],
      "skipped": [],
      "duration": 0,
      "root": true,
      "rootEmpty": true,
      "_timeout": 2000
    }
  ],
  "meta": {
    "mocha": {
      "version": "7.0.1"
    },
    "mochawesome": {
      "options": {
        "quiet": false,
        "reportFilename": "mochawesome",
        "saveHtml": true,
        "saveJson": true,
        "consoleReporter": "spec",
        "useInlineDiffs": false,
        "code": true
      },
      "version": "7.1.3"
    },
    "marge": {
      "options": null,
      "version": "6.2.0"
    }
  }
}